This is pdfTeX, Version 3.1415926-2.3-1.40.12 (MiKTeX 2.9) (preloaded format=pdflatex 2013.9.21)  24 AUG 2014 21:46
entering extended mode
**Informes.tex
(C:\Users\USUARIO01\Desktop\carpetas\todo\Carro\Informe\Informes.tex
LaTeX2e <2011/06/27>
Babel <v3.8m> and hyphenation patterns for english, afrikaans, ancientgreek, ar
abic, armenian, assamese, basque, bengali, bokmal, bulgarian, catalan, coptic, 
croatian, czech, danish, dutch, esperanto, estonian, farsi, finnish, french, ga
lician, german, german-x-2009-06-19, greek, gujarati, hindi, hungarian, iceland
ic, indonesian, interlingua, irish, italian, kannada, kurmanji, lao, latin, lat
vian, lithuanian, malayalam, marathi, mongolian, mongolianlmc, monogreek, ngerm
an, ngerman-x-2009-06-19, nynorsk, oriya, panjabi, pinyin, polish, portuguese, 
romanian, russian, sanskrit, serbian, slovak, slovenian, spanish, swedish, swis
sgerman, tamil, telugu, turkish, turkmen, ukenglish, ukrainian, uppersorbian, u
senglishmax, welsh, loaded.
("C:\Program Files\MiKTeX 2.9\tex\latex\base\article.cls"
Document Class: article 2007/10/19 v1.4h Standard LaTeX document class
("C:\Program Files\MiKTeX 2.9\tex\latex\base\size12.clo"
File: size12.clo 2007/10/19 v1.4h Standard LaTeX file (size option)
)
\c@part=\count79
\c@section=\count80
\c@subsection=\count81
\c@subsubsection=\count82
\c@paragraph=\count83
\c@subparagraph=\count84
\c@figure=\count85
\c@table=\count86
\abovecaptionskip=\skip41
\belowcaptionskip=\skip42
\bibindent=\dimen102
)
("C:\Program Files\MiKTeX 2.9\tex\generic\babel\babel.sty"
Package: babel 2008/07/08 v3.8m The Babel package

*************************************
* Local config file bblopts.cfg used
*
("C:\Program Files\MiKTeX 2.9\tex\latex\00miktex\bblopts.cfg"
File: bblopts.cfg 2006/07/31 v1.0 MiKTeX 'babel' configuration
)
("C:\Program Files\MiKTeX 2.9\tex\generic\babel\spanish.ldf"
Language: spanish.ldf 2009/01/02 v5.0h Spanish support from the babel system

("C:\Program Files\MiKTeX 2.9\tex\generic\babel\babel.def"
File: babel.def 2008/07/08 v3.8m Babel common definitions
\babel@savecnt=\count87
\U@D=\dimen103
)
\es@datefmt=\count88
\es@quottoks=\toks14
\es@quotdepth=\count89
Package babel Info: Making " an active character on input line 492.
Package babel Info: Making . an active character on input line 585.
Package babel Info: Making < an active character on input line 630.
Package babel Info: Making > an active character on input line 630.
Package babel Info: Making ' an active character on input line 657.
))
("C:\Program Files\MiKTeX 2.9\tex\latex\base\inputenc.sty"
Package: inputenc 2008/03/30 v1.1d Input encoding file
\inpenc@prehook=\toks15
\inpenc@posthook=\toks16

("C:\Program Files\MiKTeX 2.9\tex\latex\base\latin1.def"
File: latin1.def 2008/03/30 v1.1d Input encoding file
))
("C:\Program Files\MiKTeX 2.9\tex\latex\graphics\graphicx.sty"
Package: graphicx 1999/02/16 v1.0f Enhanced LaTeX Graphics (DPC,SPQR)

("C:\Program Files\MiKTeX 2.9\tex\latex\graphics\keyval.sty"
Package: keyval 1999/03/16 v1.13 key=value parser (DPC)
\KV@toks@=\toks17
)
("C:\Program Files\MiKTeX 2.9\tex\latex\graphics\graphics.sty"
Package: graphics 2009/02/05 v1.0o Standard LaTeX Graphics (DPC,SPQR)

("C:\Program Files\MiKTeX 2.9\tex\latex\graphics\trig.sty"
Package: trig 1999/03/16 v1.09 sin cos tan (DPC)
)
("C:\Program Files\MiKTeX 2.9\tex\latex\00miktex\graphics.cfg"
File: graphics.cfg 2007/01/18 v1.5 graphics configuration of teTeX/TeXLive
)
Package graphics Info: Driver file: pdftex.def on input line 91.

("C:\Program Files\MiKTeX 2.9\tex\latex\pdftex-def\pdftex.def"
File: pdftex.def 2011/05/27 v0.06d Graphics/color for pdfTeX

("C:\Program Files\MiKTeX 2.9\tex\generic\oberdiek\infwarerr.sty"
Package: infwarerr 2010/04/08 v1.3 Providing info/warning/message (HO)
)
("C:\Program Files\MiKTeX 2.9\tex\generic\oberdiek\ltxcmds.sty"
Package: ltxcmds 2011/04/18 v1.20 LaTeX kernel commands for general use (HO)
)
\Gread@gobject=\count90
))
\Gin@req@height=\dimen104
\Gin@req@width=\dimen105
)
(C:\Users\USUARIO01\AppData\Roaming\MiKTeX\2.9\tex\latex\psfrag\psfrag.sty
Package: psfrag 1998/04/11 v3.04 PSfrag (MCG)
\pfg@pcount=\count91
\pfg@scount=\count92
\pfg@temp=\write3
)
("C:\Program Files\MiKTeX 2.9\tex\latex\ltxmisc\here.sty")
(C:\Users\USUARIO01\AppData\Roaming\MiKTeX\2.9\tex\latex\subfigure\subfigure.st
y
Package: subfigure 2002/07/30 v2.1.4 subfigure package
\subfigtopskip=\skip43
\subfigcapskip=\skip44
\subfigcaptopadj=\dimen106
\subfigbottomskip=\skip45
\subfigcapmargin=\dimen107
\subfiglabelskip=\skip46
\c@subfigure=\count93
\c@lofdepth=\count94
\c@subtable=\count95
\c@lotdepth=\count96

****************************************
* Local config file subfigure.cfg used *
****************************************

(C:\Users\USUARIO01\AppData\Roaming\MiKTeX\2.9\tex\latex\subfigure\subfigure.cf
g)
\subfig@top=\skip47
\subfig@bottom=\skip48
) ("C:\Program Files\MiKTeX 2.9\tex\latex\graphics\lscape.sty"
Package: lscape 2000/10/22 v3.01 Landscape Pages (DPC)
)
(C:\Users\USUARIO01\Desktop\carpetas\todo\Carro\Informe\Informes.aux

LaTeX Warning: Label `deee' multiply defined.


LaTeX Warning: Label `deee' multiply defined.


LaTeX Warning: Label `deee' multiply defined.


LaTeX Warning: Label `deee' multiply defined.


LaTeX Warning: Label `deee' multiply defined.


LaTeX Warning: Label `deee' multiply defined.


LaTeX Warning: Label `deee' multiply defined.


LaTeX Warning: Label `deee' multiply defined.


LaTeX Warning: Label `deee' multiply defined.


LaTeX Warning: Label `deee' multiply defined.


LaTeX Warning: Label `deee' multiply defined.


LaTeX Warning: Label `deee' multiply defined.


LaTeX Warning: Label `deee' multiply defined.


LaTeX Warning: Label `deee' multiply defined.


LaTeX Warning: Label `deee' multiply defined.


LaTeX Warning: Label `deee' multiply defined.


LaTeX Warning: Label `deee' multiply defined.


LaTeX Warning: Label `deee' multiply defined.


LaTeX Warning: Label `deee' multiply defined.


LaTeX Warning: Label `deee' multiply defined.


LaTeX Warning: Label `deee' multiply defined.


LaTeX Warning: Label `deee' multiply defined.


LaTeX Warning: Label `deee' multiply defined.


LaTeX Warning: Label `deee' multiply defined.

)
LaTeX Font Info:    Checking defaults for OML/cmm/m/it on input line 29.
LaTeX Font Info:    ... okay on input line 29.
LaTeX Font Info:    Checking defaults for T1/cmr/m/n on input line 29.
LaTeX Font Info:    ... okay on input line 29.
LaTeX Font Info:    Checking defaults for OT1/cmr/m/n on input line 29.
LaTeX Font Info:    ... okay on input line 29.
LaTeX Font Info:    Checking defaults for OMS/cmsy/m/n on input line 29.
LaTeX Font Info:    ... okay on input line 29.
LaTeX Font Info:    Checking defaults for OMX/cmex/m/n on input line 29.
LaTeX Font Info:    ... okay on input line 29.
LaTeX Font Info:    Checking defaults for U/cmr/m/n on input line 29.
LaTeX Font Info:    ... okay on input line 29.
 (C:\Users\USUARIO01\AppData\Roaming\MiKTeX\2.9\tex\context\base\supp-pdf.mkii
[Loading MPS to PDF converter (version 2006.09.02).]
\scratchcounter=\count97
\scratchdimen=\dimen108
\scratchbox=\box26
\nofMPsegments=\count98
\nofMParguments=\count99
\everyMPshowfont=\toks18
\MPscratchCnt=\count100
\MPscratchDim=\dimen109
\MPnumerator=\count101
\makeMPintoPDFobject=\count102
\everyMPtoPDFconversion=\toks19
)
LaTeX Font Info:    External font `cmex10' loaded for size
(Font)              <14.4> on input line 40.
LaTeX Font Info:    External font `cmex10' loaded for size
(Font)              <7> on input line 40.
 [1
Non-PDF special ignored!

{C:/Users/USUARIO01/AppData/Local/MiKTeX/2.9/pdftex/config/pdftex.map}]
(C:\Users\USUARIO01\Desktop\carpetas\todo\Carro\Informe\Informes.toc
LaTeX Font Info:    External font `cmex10' loaded for size
(Font)              <12> on input line 4.
LaTeX Font Info:    External font `cmex10' loaded for size
(Font)              <8> on input line 4.
LaTeX Font Info:    External font `cmex10' loaded for size
(Font)              <6> on input line 4.
)
\tf@toc=\write4
 [2]
Underfull \hbox (badness 10000) in paragraph at lines 48--49

 []


Underfull \hbox (badness 10000) in paragraph at lines 50--51

 []


Underfull \hbox (badness 10000) in paragraph at lines 52--53

 []


Underfull \hbox (badness 10000) in paragraph at lines 54--55

 []


Underfull \hbox (badness 10000) in paragraph at lines 56--57

 []

[3] <figuras/materiales.png, id=13, 386.19281pt x 418.56375pt>
File: figuras/materiales.png Graphic file (type png)

<use figuras/materiales.png>
Package pdftex.def Info: figuras/materiales.png used on input line 78.
(pdftex.def)             Requested size: 284.52756pt x 308.37833pt.
 [4]
<figuras/circuito.jpg, id=18, 597.432pt x 845.0772pt>
File: figuras/circuito.jpg Graphic file (type jpg)

<use figuras/circuito.jpg>
Package pdftex.def Info: figuras/circuito.jpg used on input line 87.
(pdftex.def)             Requested size: 426.79134pt x 603.72272pt.
 [5 <C:/Users/USUARIO01/Desktop/carpetas/todo/Carro/Informe/figuras/materiales.
png>]
Overfull \vbox (4.59541pt too high) has occurred while \output is active []


[6 <C:/Users/USUARIO01/Desktop/carpetas/todo/Carro/Informe/figuras/circuito.jpg
>]
Overfull \hbox (21.22322pt too wide) in paragraph at lines 95--97
\OT1/cmr/m/n/12 po-ni-ble en la URL: http://clusterfie.epn.edu.ec/ibernal/html/
CURSOS/AbrilAgosto06/
 []


Overfull \hbox (57.74786pt too wide) in paragraph at lines 98--100
[]\OT1/cmr/m/n/12 Theuz0007. Joys-tick in Ja-va with JIn-put. Dis-po-ni-ble en 
URL: http://theuzo007.wordpress.com/
 []


Underfull \hbox (badness 10000) in paragraph at lines 103--104

 []


Overfull \hbox (47.96196pt too wide) in paragraph at lines 105--107
\OT1/cmr/m/n/12 dos de la pagi-na que se en-cuen-tra en la bi-blio-grafa y c
o-piar-los a la car-pe-ta $"$C:$\OMS/cmsy/m/n/12 n$\OT1/cmr/m/n/12 Windows$\OMS
/cmsy/m/n/12 n$\OT1/cmr/m/n/12 System32$"$
 []


Underfull \hbox (badness 10000) in paragraph at lines 105--107

 []

<figuras/1.png, id=26, 426.09187pt x 76.78688pt>
File: figuras/1.png Graphic file (type png)
 <use figuras/1.png>
Package pdftex.def Info: figuras/1.png used on input line 109.
(pdftex.def)             Requested size: 369.88582pt x 66.66226pt.

<figuras/2.png, id=27, 493.845pt x 273.27094pt>
File: figuras/2.png Graphic file (type png)
 <use figuras/2.png>
Package pdftex.def Info: figuras/2.png used on input line 116.
(pdftex.def)             Requested size: 426.79134pt x 236.16344pt.
 [7 <C:/Users/USUARIO01/Desktop/carpetas/todo/Carro/Informe/figuras/1.png>]
<figuras/3.png, id=33, 964.35281pt x 555.57562pt>
File: figuras/3.png Graphic file (type png)
 <use figuras/3.png>
Package pdftex.def Info: figuras/3.png used on input line 123.
(pdftex.def)             Requested size: 426.79134pt x 245.87822pt.

<figuras/4.png, id=34, 688.82344pt x 487.8225pt>
File: figuras/4.png Graphic file (type png)
 <use figuras/4.png>
Package pdftex.def Info: figuras/4.png used on input line 130.
(pdftex.def)             Requested size: 284.52756pt x 201.49722pt.
 [8 <C:/Users/USUARIO01/Desktop/carpetas/todo/Carro/Informe/figuras/2.png> <C:/
Users/USUARIO01/Desktop/carpetas/todo/Carro/Informe/figuras/3.png>]
<figuras/5.png, id=40, 688.82344pt x 487.8225pt>
File: figuras/5.png Graphic file (type png)
 <use figuras/5.png>
Package pdftex.def Info: figuras/5.png used on input line 154.
(pdftex.def)             Requested size: 512.1496pt x 362.70245pt.

Overfull \hbox (56.90552pt too wide) in paragraph at lines 154--155
 [][] 
 []

[9 <C:/Users/USUARIO01/Desktop/carpetas/todo/Carro/Informe/figuras/4.png>]
<figuras/6.png, id=45, 248.42813pt x 117.43875pt>
File: figuras/6.png Graphic file (type png)
 <use figuras/6.png>
Package pdftex.def Info: figuras/6.png used on input line 161.
(pdftex.def)             Requested size: 227.62204pt x 107.60411pt.

<figuras/7.png, id=46, 688.82344pt x 487.8225pt>
File: figuras/7.png Graphic file (type png)
 <use figuras/7.png>
Package pdftex.def Info: figuras/7.png used on input line 168.
(pdftex.def)             Requested size: 312.9803pt x 221.65439pt.
 [10 <C:/Users/USUARIO01/Desktop/carpetas/todo/Carro/Informe/figuras/5.png> <C:
/Users/USUARIO01/Desktop/carpetas/todo/Carro/Informe/figuras/6.png>]
<figuras/8.png, id=51, 426.84468pt x 302.63063pt>
File: figuras/8.png Graphic file (type png)
 <use figuras/8.png>
Package pdftex.def Info: figuras/8.png used on input line 175.
(pdftex.def)             Requested size: 327.20668pt x 232.00114pt.

<figuras/9.png, id=52, 688.82344pt x 487.8225pt>
File: figuras/9.png Graphic file (type png)
 <use figuras/9.png>
Package pdftex.def Info: figuras/9.png used on input line 182.
(pdftex.def)             Requested size: 284.52756pt x 201.49722pt.
 [11 <C:/Users/USUARIO01/Desktop/carpetas/todo/Carro/Informe/figuras/7.png> <C:
/Users/USUARIO01/Desktop/carpetas/todo/Carro/Informe/figuras/8.png>]
<figuras/10.png, id=57, 599.23875pt x 398.23781pt>
File: figuras/10.png Graphic file (type png)
 <use figuras/10.png>
Package pdftex.def Info: figuras/10.png used on input line 189.
(pdftex.def)             Requested size: 327.20668pt x 217.45763pt.

[12 <C:/Users/USUARIO01/Desktop/carpetas/todo/Carro/Informe/figuras/9.png> <C:/
Users/USUARIO01/Desktop/carpetas/todo/Carro/Informe/figuras/10.png>]
<figuras/11.png, id=63, 328.22626pt x 438.13687pt>
File: figuras/11.png Graphic file (type png)
 <use figuras/11.png>
Package pdftex.def Info: figuras/11.png used on input line 196.
(pdftex.def)             Requested size: 170.71652pt x 227.88596pt.

<figuras/12.png, id=64, 322.20375pt x 366.61969pt>
File: figuras/12.png Graphic file (type png)
 <use figuras/12.png>
Package pdftex.def Info: figuras/12.png used on input line 203.
(pdftex.def)             Requested size: 170.71652pt x 194.25716pt.
File: figuras/12.png Graphic file (type png)

<use figuras/12.png>
Package pdftex.def Info: figuras/12.png used on input line 209.
(pdftex.def)             Requested size: 199.16928pt x 226.63055pt.
 [13 <C:/Users/USUARIO01/Desktop/carpetas/todo/Carro/Informe/figuras/11.png> <C
:/Users/USUARIO01/Desktop/carpetas/todo/Carro/Informe/figuras/12.png>] <figuras
/13.png, id=69, 322.20375pt x 366.61969pt>
File: figuras/13.png Graphic file (type png)

<use figuras/13.png>
Package pdftex.def Info: figuras/13.png used on input line 216.
(pdftex.def)             Requested size: 227.62204pt x 259.00954pt.
 <figuras/14.png, id=70, 426.84468pt x 253.69781pt>
File: figuras/14.png Graphic file (type png)

<use figuras/14.png>
Package pdftex.def Info: figuras/14.png used on input line 223.
(pdftex.def)             Requested size: 426.79134pt x 253.6817pt.
 [14 <C:/Users/USUARIO01/Desktop/carpetas/todo/Carro/Informe/figuras/13.png>] <
figuras/15.png, id=74, 426.84468pt x 253.69781pt>
File: figuras/15.png Graphic file (type png)

<use figuras/15.png>
Package pdftex.def Info: figuras/15.png used on input line 229.
(pdftex.def)             Requested size: 426.79134pt x 253.6817pt.
 <figuras/16.jpg, id=75, 2055.68pt x 1541.76pt>
File: figuras/16.jpg Graphic file (type jpg)

<use figuras/16.jpg>
Package pdftex.def Info: figuras/16.jpg used on input line 236.
(pdftex.def)             Requested size: 312.9803pt x 234.73576pt.
 [15 <C:/Users/USUARIO01/Desktop/carpetas/todo/Carro/Informe/figuras/14.png> <C
:/Users/USUARIO01/Desktop/carpetas/todo/Carro/Informe/figuras/15.png>] <figuras
/a.jpg, id=79, 2055.68pt x 1541.76pt>
File: figuras/a.jpg Graphic file (type jpg)
 <use figuras/a.jpg>
Package pdftex.def Info: figuras/a.jpg used on input line 246.
(pdftex.def)             Requested size: 312.9803pt x 234.73576pt.

<figuras/b.jpg, id=80, 2055.68pt x 1541.76pt>
File: figuras/b.jpg Graphic file (type jpg)
 <use figuras/b.jpg>
Package pdftex.def Info: figuras/b.jpg used on input line 252.
(pdftex.def)             Requested size: 312.9803pt x 234.73576pt.

<figuras/c.jpg, id=81, 1541.76pt x 2055.68pt>
File: figuras/c.jpg Graphic file (type jpg)
 <use figuras/c.jpg>
Package pdftex.def Info: figuras/c.jpg used on input line 258.
(pdftex.def)             Requested size: 256.0748pt x 341.431pt.
 [16 <C:/Users/USUARIO01/Desktop/carpetas/todo/Carro/Informe/figuras/16.jpg> <C
:/Users/USUARIO01/Desktop/carpetas/todo/Carro/Informe/figuras/a.jpg>]
<figuras/d.jpg, id=85, 2055.68pt x 1541.76pt>
File: figuras/d.jpg Graphic file (type jpg)
 <use figuras/d.jpg>
Package pdftex.def Info: figuras/d.jpg used on input line 264.
(pdftex.def)             Requested size: 256.0748pt x 192.0373pt.
 [17 <C:/Users/USUARIO01/Desktop/carpetas/todo/Carro/Informe/figuras/b.jpg>]
<figuras/e.jpg, id=89, 2055.68pt x 1541.76pt>
File: figuras/e.jpg Graphic file (type jpg)
 <use figuras/e.jpg>
Package pdftex.def Info: figuras/e.jpg used on input line 270.
(pdftex.def)             Requested size: 312.9803pt x 234.73576pt.

<figuras/f.jpg, id=90, 2055.68pt x 1541.76pt>
File: figuras/f.jpg Graphic file (type jpg)
 <use figuras/f.jpg>
Package pdftex.def Info: figuras/f.jpg used on input line 276.
(pdftex.def)             Requested size: 398.33858pt x 298.7482pt.
 [18 <C:/Users/USUARIO01/Desktop/carpetas/todo/Carro/Informe/figuras/c.jpg> <C:
/Users/USUARIO01/Desktop/carpetas/todo/Carro/Informe/figuras/d.jpg>] [19 <C:/Us
ers/USUARIO01/Desktop/carpetas/todo/Carro/Informe/figuras/e.jpg> <C:/Users/USUA
RIO01/Desktop/carpetas/todo/Carro/Informe/figuras/f.jpg>]
(C:\Users\USUARIO01\Desktop\carpetas\todo\Carro\Informe\Informes.aux)

LaTeX Warning: There were multiply-defined labels.

 ) 
Here is how much of TeX's memory you used:
 2189 strings out of 494045
 29359 string characters out of 3148375
 86587 words of memory out of 3000000
 5461 multiletter control sequences out of 15000+200000
 8808 words of font info for 31 fonts, out of 3000000 for 9000
 715 hyphenation exceptions out of 8191
 27i,6n,27p,1114b,266s stack positions out of 5000i,500n,10000p,200000b,50000s
<C:/Program Files/MiKTeX 2.9/fonts/type1/public/amsfonts/cm/cmbx12.pfb><C:/Pr
ogram Files/MiKTeX 2.9/fonts/type1/public/amsfonts/cm/cmr12.pfb><C:/Program Fil
es/MiKTeX 2.9/fonts/type1/public/amsfonts/cm/cmsy10.pfb>
Output written on Informes.pdf (19 pages, 3053710 bytes).
PDF statistics:
 109 PDF objects out of 1000 (max. 8388607)
 0 named destinations out of 1000 (max. 500000)
 121 words of extra memory for PDF output out of 10000 (max. 10000000)

